Started by user chi
Running as SYSTEM
Building in workspace C:\Program Files (x86)\Jenkins\workspace\mvncicdproject
No credentials specified
 > C:\Program Files\Git\cmd\git.exe rev-parse --is-inside-work-tree # timeout=10
Fetching changes from the remote Git repository
 > C:\Program Files\Git\cmd\git.exe config remote.origin.url https://github.com/chiaghaski2002/maven-helloworld.git # timeout=10
Fetching upstream changes from https://github.com/chiaghaski2002/maven-helloworld.git
 > C:\Program Files\Git\cmd\git.exe --version # timeout=10
 > C:\Program Files\Git\cmd\git.exe fetch --tags --force --progress -- https://github.com/chiaghaski2002/maven-helloworld.git +refs/heads/*:refs/remotes/origin/* # timeout=10
 > C:\Program Files\Git\cmd\git.exe rev-parse "refs/remotes/origin/master^{commit}" # timeout=10
 > C:\Program Files\Git\cmd\git.exe rev-parse "refs/remotes/origin/origin/master^{commit}" # timeout=10
Checking out Revision 8ef9040b81b6a82150e49e03c31652e47f35fa4d (refs/remotes/origin/master)
 > C:\Program Files\Git\cmd\git.exe config core.sparsecheckout # timeout=10
 > C:\Program Files\Git\cmd\git.exe checkout -f 8ef9040b81b6a82150e49e03c31652e47f35fa4d # timeout=10
Commit message: "Update pom.xml"
 > C:\Program Files\Git\cmd\git.exe rev-list --no-walk 8ef9040b81b6a82150e49e03c31652e47f35fa4d # timeout=10
Parsing POMs
Established TCP socket on 50940
[mvncicdproject] $ "C:\Program Files\jdk-11.0.7/bin/java" -cp "C:\Program Files (x86)\Jenkins\plugins\maven-plugin\WEB-INF\lib\maven35-agent-1.13.jar;C:\ProgramData\chocolatey\lib\maven\apache-maven-3.6.3\boot\plexus-classworlds-2.6.0.jar;C:\ProgramData\chocolatey\lib\maven\apache-maven-3.6.3/conf/logging" jenkins.maven3.agent.Maven35Main C:\ProgramData\chocolatey\lib\maven\apache-maven-3.6.3 "C:\Program Files (x86)\Jenkins\war\WEB-INF\lib\remoting-4.2.jar" "C:\Program Files (x86)\Jenkins\plugins\maven-plugin\WEB-INF\lib\maven35-interceptor-1.13.jar" "C:\Program Files (x86)\Jenkins\plugins\maven-plugin\WEB-INF\lib\maven3-interceptor-commons-1.13.jar" 50940
<===[JENKINS REMOTING CAPACITY]===>channel started
Executing Maven:  -B -f C:\Program Files (x86)\Jenkins\workspace\mvncicdproject\pom.xml clean install
[INFO] Scanning for projects...
[WARNING] 
[WARNING] Some problems were encountered while building the effective model for com.example.maven-project:server:jar:1.0-SNAPSHOT
[WARNING] Reporting configuration should be done in <reporting> section, not in maven-site-plugin <configuration> as reportPlugins parameter.
[WARNING] 
[WARNING] Some problems were encountered while building the effective model for com.example.maven-project:webapp:war:1.0-SNAPSHOT
[WARNING] Reporting configuration should be done in <reporting> section, not in maven-site-plugin <configuration> as reportPlugins parameter.
[WARNING] 
[WARNING] Some problems were encountered while building the effective model for com.example.maven-project:maven-project:pom:1.0-SNAPSHOT
[WARNING] Reporting configuration should be done in <reporting> section, not in maven-site-plugin <configuration> as reportPlugins parameter. @ line 51, column 24
[WARNING] 
[WARNING] It is highly recommended to fix these problems because they threaten the stability of your build.
[WARNING] 
[WARNING] For this reason, future Maven versions might no longer support building such malformed projects.
[WARNING] 
[WARNING] The project com.example.maven-project:maven-project:pom:1.0-SNAPSHOT uses prerequisites which is only intended for maven-plugin projects but not for non maven-plugin projects. For such purposes you should use the maven-enforcer-plugin. See https://maven.apache.org/enforcer/enforcer-rules/requireMavenVersion.html
[INFO] ------------------------------------------------------------------------
[INFO] Reactor Build Order:
[INFO] 
[INFO] Maven Project                                                      [pom]
[INFO] Server                                                             [jar]
[INFO] Webapp                                                             [war]
[INFO] 
[INFO] --------------< com.example.maven-project:maven-project >---------------
[INFO] Building Maven Project 1.0-SNAPSHOT                                [1/3]
[INFO] --------------------------------[ pom ]---------------------------------
[INFO] 
[INFO] --- maven-clean-plugin:2.5:clean (default-clean) @ maven-project ---
[INFO] 
[INFO] --- maven-install-plugin:2.4:install (default-install) @ maven-project ---
[INFO] Installing C:\Program Files (x86)\Jenkins\workspace\mvncicdproject\pom.xml to C:\WINDOWS\system32\config\systemprofile\.m2\repository\com\example\maven-project\maven-project\1.0-SNAPSHOT\maven-project-1.0-SNAPSHOT.pom
[INFO] 
[INFO] ------------------< com.example.maven-project:server >------------------
[INFO] Building Server 1.0-SNAPSHOT                                       [2/3]
[INFO] --------------------------------[ jar ]---------------------------------
[INFO] 
[INFO] --- maven-clean-plugin:2.5:clean (default-clean) @ server ---
[INFO] Deleting C:\Program Files (x86)\Jenkins\workspace\mvncicdproject\server\target
[INFO] 
[INFO] --- maven-resources-plugin:2.5:resources (default-resources) @ server ---
[debug] execute contextualize
[INFO] Using 'utf-8' encoding to copy filtered resources.
[INFO] skip non existing resourceDirectory C:\Program Files (x86)\Jenkins\workspace\mvncicdproject\server\src\main\resources
[INFO] 
[INFO] --- maven-compiler-plugin:2.3.2:compile (default-compile) @ server ---
[INFO] Compiling 1 source file to C:\Program Files (x86)\Jenkins\workspace\mvncicdproject\server\target\classes
[INFO] 
[INFO] --- maven-resources-plugin:2.5:testResources (default-testResources) @ server ---
[debug] execute contextualize
[INFO] Using 'utf-8' encoding to copy filtered resources.
[INFO] skip non existing resourceDirectory C:\Program Files (x86)\Jenkins\workspace\mvncicdproject\server\src\test\resources
[INFO] 
[INFO] --- maven-compiler-plugin:2.3.2:testCompile (default-testCompile) @ server ---
[INFO] Compiling 1 source file to C:\Program Files (x86)\Jenkins\workspace\mvncicdproject\server\target\test-classes
[INFO] 
[INFO] --- maven-surefire-plugin:2.11:test (default-test) @ server ---
[INFO] Surefire report directory: C:\Program Files (x86)\Jenkins\workspace\mvncicdproject\server\target\surefire-reports

-------------------------------------------------------
 T E S T S
-------------------------------------------------------
Running com.example.TestGreeter
Tests run: 2, Failures: 0, Errors: 0, Skipped: 0, Time elapsed: 0.085 sec

Results :

Tests run: 2, Failures: 0, Errors: 0, Skipped: 0

[JENKINS] Recording test results
[INFO] 
[INFO] --- maven-jar-plugin:2.4:jar (default-jar) @ server ---
[INFO] Building jar: C:\Program Files (x86)\Jenkins\workspace\mvncicdproject\server\target\server.jar
[INFO] 
[INFO] --- maven-install-plugin:2.4:install (default-install) @ server ---
[INFO] Installing C:\Program Files (x86)\Jenkins\workspace\mvncicdproject\server\target\server.jar to C:\WINDOWS\system32\config\systemprofile\.m2\repository\com\example\maven-project\server\1.0-SNAPSHOT\server-1.0-SNAPSHOT.jar
[INFO] Installing C:\Program Files (x86)\Jenkins\workspace\mvncicdproject\server\pom.xml to C:\WINDOWS\system32\config\systemprofile\.m2\repository\com\example\maven-project\server\1.0-SNAPSHOT\server-1.0-SNAPSHOT.pom
[INFO] 
[INFO] ------------------< com.example.maven-project:webapp >------------------
[INFO] Building Webapp 1.0-SNAPSHOT                                       [3/3]
[INFO] --------------------------------[ war ]---------------------------------
[INFO] 
[INFO] --- maven-clean-plugin:2.5:clean (default-clean) @ webapp ---
[INFO] Deleting C:\Program Files (x86)\Jenkins\workspace\mvncicdproject\webapp\target
[INFO] 
[INFO] --- maven-resources-plugin:2.5:resources (default-resources) @ webapp ---
[debug] execute contextualize
[INFO] Using 'utf-8' encoding to copy filtered resources.
[INFO] skip non existing resourceDirectory C:\Program Files (x86)\Jenkins\workspace\mvncicdproject\webapp\src\main\resources
[INFO] 
[INFO] --- maven-compiler-plugin:2.3.2:compile (default-compile) @ webapp ---
[INFO] No sources to compile
[INFO] 
[INFO] --- maven-resources-plugin:2.5:testResources (default-testResources) @ webapp ---
[debug] execute contextualize
[INFO] Using 'utf-8' encoding to copy filtered resources.
[INFO] skip non existing resourceDirectory C:\Program Files (x86)\Jenkins\workspace\mvncicdproject\webapp\src\test\resources
[INFO] 
[INFO] --- maven-compiler-plugin:2.3.2:testCompile (default-testCompile) @ webapp ---
[INFO] No sources to compile
[INFO] 
[INFO] --- maven-surefire-plugin:2.11:test (default-test) @ webapp ---
[INFO] No tests to run.
[INFO] Surefire report directory: C:\Program Files (x86)\Jenkins\workspace\mvncicdproject\webapp\target\surefire-reports

-------------------------------------------------------
 T E S T S
-------------------------------------------------------

Results :

Tests run: 0, Failures: 0, Errors: 0, Skipped: 0

[JENKINS] Recording test results
[INFO] 
[INFO] --- maven-war-plugin:2.2:war (default-war) @ webapp ---
WARNING: An illegal reflective access operation has occurred
WARNING: Illegal reflective access by com.thoughtworks.xstream.core.util.Fields (file:/C:/WINDOWS/system32/config/systemprofile/.m2/repository/com/thoughtworks/xstream/xstream/1.3.1/xstream-1.3.1.jar) to field java.util.Properties.defaults
WARNING: Please consider reporting this to the maintainers of com.thoughtworks.xstream.core.util.Fields
WARNING: Use --illegal-access=warn to enable warnings of further illegal reflective access operations
WARNING: All illegal access operations will be denied in a future release
[INFO] Packaging webapp
[INFO] Assembling webapp [webapp] in [C:\Program Files (x86)\Jenkins\workspace\mvncicdproject\webapp\target\webapp]
[INFO] Processing war project
[INFO] Copying webapp resources [C:\Program Files (x86)\Jenkins\workspace\mvncicdproject\webapp\src\main\webapp]
[INFO] Webapp assembled in [33 msecs]
[INFO] Building war: C:\Program Files (x86)\Jenkins\workspace\mvncicdproject\webapp\target\webapp.war
[INFO] WEB-INF\web.xml already added, skipping
[INFO] 
[INFO] --- maven-install-plugin:2.4:install (default-install) @ webapp ---
[INFO] Installing C:\Program Files (x86)\Jenkins\workspace\mvncicdproject\webapp\target\webapp.war to C:\WINDOWS\system32\config\systemprofile\.m2\repository\com\example\maven-project\webapp\1.0-SNAPSHOT\webapp-1.0-SNAPSHOT.war
[INFO] Installing C:\Program Files (x86)\Jenkins\workspace\mvncicdproject\webapp\pom.xml to C:\WINDOWS\system32\config\systemprofile\.m2\repository\com\example\maven-project\webapp\1.0-SNAPSHOT\webapp-1.0-SNAPSHOT.pom
[INFO] ------------------------------------------------------------------------
[INFO] Reactor Summary for Maven Project 1.0-SNAPSHOT:
[INFO] 
[INFO] Maven Project ...................................... SUCCESS [  0.668 s]
[INFO] Server ............................................. SUCCESS [  4.691 s]
[INFO] Webapp ............................................. SUCCESS [  0.968 s]
[INFO] ------------------------------------------------------------------------
[INFO] BUILD SUCCESS
[INFO] ------------------------------------------------------------------------
[INFO] Total time:  7.234 s
[INFO] Finished at: 2020-05-08T05:36:12+01:00
[INFO] ------------------------------------------------------------------------
Waiting for Jenkins to finish collecting data
[JENKINS] Archiving C:\Program Files (x86)\Jenkins\workspace\mvncicdproject\webapp\pom.xml to com.example.maven-project/webapp/1.0-SNAPSHOT/webapp-1.0-SNAPSHOT.pom
[JENKINS] Archiving C:\Program Files (x86)\Jenkins\workspace\mvncicdproject\webapp\target\webapp.war to com.example.maven-project/webapp/1.0-SNAPSHOT/webapp-1.0-SNAPSHOT.war
[JENKINS] Archiving C:\Program Files (x86)\Jenkins\workspace\mvncicdproject\server\pom.xml to com.example.maven-project/server/1.0-SNAPSHOT/server-1.0-SNAPSHOT.pom
[JENKINS] Archiving C:\Program Files (x86)\Jenkins\workspace\mvncicdproject\server\target\server.jar to com.example.maven-project/server/1.0-SNAPSHOT/server-1.0-SNAPSHOT.jar
[JENKINS] Archiving C:\Program Files (x86)\Jenkins\workspace\mvncicdproject\pom.xml to com.example.maven-project/maven-project/1.0-SNAPSHOT/maven-project-1.0-SNAPSHOT.pom
channel stopped
[DeployPublisher][INFO] Attempting to deploy 1 war file(s)
[DeployPublisher][INFO] Deploying C:\Program Files (x86)\Jenkins\workspace\mvncicdproject\webapp\target\webapp.war to container Tomcat 9.x Remote with context null
ERROR: Build step failed with exception
org.codehaus.cargo.container.ContainerException: Failed to redeploy [C:\Program Files (x86)\Jenkins\workspace\mvncicdproject\webapp\target\webapp.war]
	at org.codehaus.cargo.container.tomcat.internal.AbstractTomcatManagerDeployer.redeploy(AbstractTomcatManagerDeployer.java:184)
	at hudson.plugins.deploy.CargoContainerAdapter.deploy(CargoContainerAdapter.java:81)
	at hudson.plugins.deploy.CargoContainerAdapter$DeployCallable.invoke(CargoContainerAdapter.java:167)
	at hudson.plugins.deploy.CargoContainerAdapter$DeployCallable.invoke(CargoContainerAdapter.java:136)
	at hudson.FilePath.act(FilePath.java:1075)
	at hudson.FilePath.act(FilePath.java:1058)
	at hudson.plugins.deploy.CargoContainerAdapter.redeployFile(CargoContainerAdapter.java:133)
	at hudson.plugins.deploy.PasswordProtectedAdapterCargo.redeployFile(PasswordProtectedAdapterCargo.java:95)
	at hudson.plugins.deploy.DeployPublisher.perform(DeployPublisher.java:113)
	at hudson.tasks.BuildStepCompatibilityLayer.perform(BuildStepCompatibilityLayer.java:78)
	at hudson.tasks.BuildStepMonitor$3.perform(BuildStepMonitor.java:45)
	at hudson.model.AbstractBuild$AbstractBuildExecution.perform(AbstractBuild.java:741)
	at hudson.model.AbstractBuild$AbstractBuildExecution.performAllBuildSteps(AbstractBuild.java:690)
	at hudson.maven.MavenModuleSetBuild$MavenModuleSetBuildExecution.post2(MavenModuleSetBuild.java:1074)
	at hudson.model.AbstractBuild$AbstractBuildExecution.post(AbstractBuild.java:635)
	at hudson.model.Run.execute(Run.java:1881)
	at hudson.maven.MavenModuleSetBuild.run(MavenModuleSetBuild.java:543)
	at hudson.model.ResourceController.execute(ResourceController.java:97)
	at hudson.model.Executor.run(Executor.java:428)
Caused by: org.codehaus.cargo.container.tomcat.internal.TomcatManagerException: The username you provided is not allowed to use the text-based Tomcat Manager (error 403)
	at org.codehaus.cargo.container.tomcat.internal.TomcatManager.invoke(TomcatManager.java:710)
	at org.codehaus.cargo.container.tomcat.internal.TomcatManager.list(TomcatManager.java:882)
	at org.codehaus.cargo.container.tomcat.internal.TomcatManager.getStatus(TomcatManager.java:895)
	at org.codehaus.cargo.container.tomcat.internal.AbstractTomcatManagerDeployer.redeploy(AbstractTomcatManagerDeployer.java:169)
	... 18 more
Caused by: java.io.IOException: Server returned HTTP response code: 403 for URL: http://localhost:8001/manager/text/list
	at sun.net.www.protocol.http.HttpURLConnection.getInputStream0(Unknown Source)
	at sun.net.www.protocol.http.HttpURLConnection.getInputStream(Unknown Source)
	at org.codehaus.cargo.container.tomcat.internal.TomcatManager.invoke(TomcatManager.java:577)
	... 21 more
org.codehaus.cargo.container.tomcat.internal.TomcatManagerException: The username you provided is not allowed to use the text-based Tomcat Manager (error 403)
	at org.codehaus.cargo.container.tomcat.internal.TomcatManager.invoke(TomcatManager.java:710)
	at org.codehaus.cargo.container.tomcat.internal.TomcatManager.list(TomcatManager.java:882)
	at org.codehaus.cargo.container.tomcat.internal.TomcatManager.getStatus(TomcatManager.java:895)
	at org.codehaus.cargo.container.tomcat.internal.AbstractTomcatManagerDeployer.redeploy(AbstractTomcatManagerDeployer.java:169)
	at hudson.plugins.deploy.CargoContainerAdapter.deploy(CargoContainerAdapter.java:81)
	at hudson.plugins.deploy.CargoContainerAdapter$DeployCallable.invoke(CargoContainerAdapter.java:167)
	at hudson.plugins.deploy.CargoContainerAdapter$DeployCallable.invoke(CargoContainerAdapter.java:136)
	at hudson.FilePath.act(FilePath.java:1075)
	at hudson.FilePath.act(FilePath.java:1058)
	at hudson.plugins.deploy.CargoContainerAdapter.redeployFile(CargoContainerAdapter.java:133)
	at hudson.plugins.deploy.PasswordProtectedAdapterCargo.redeployFile(PasswordProtectedAdapterCargo.java:95)
	at hudson.plugins.deploy.DeployPublisher.perform(DeployPublisher.java:113)
	at hudson.tasks.BuildStepCompatibilityLayer.perform(BuildStepCompatibilityLayer.java:78)
	at hudson.tasks.BuildStepMonitor$3.perform(BuildStepMonitor.java:45)
	at hudson.model.AbstractBuild$AbstractBuildExecution.perform(AbstractBuild.java:741)
	at hudson.model.AbstractBuild$AbstractBuildExecution.performAllBuildSteps(AbstractBuild.java:690)
	at hudson.maven.MavenModuleSetBuild$MavenModuleSetBuildExecution.post2(MavenModuleSetBuild.java:1074)
	at hudson.model.AbstractBuild$AbstractBuildExecution.post(AbstractBuild.java:635)
	at hudson.model.Run.execute(Run.java:1881)
	at hudson.maven.MavenModuleSetBuild.run(MavenModuleSetBuild.java:543)
	at hudson.model.ResourceController.execute(ResourceController.java:97)
	at hudson.model.Executor.run(Executor.java:428)
Caused by: java.io.IOException: Server returned HTTP response code: 403 for URL: http://localhost:8001/manager/text/list
	at sun.net.www.protocol.http.HttpURLConnection.getInputStream0(Unknown Source)
	at sun.net.www.protocol.http.HttpURLConnection.getInputStream(Unknown Source)
	at org.codehaus.cargo.container.tomcat.internal.TomcatManager.invoke(TomcatManager.java:577)
	... 21 more
Build step 'Deploy war/ear to a container' marked build as failure
Finished: FAILURE
